c:\projects\opengl\2dobjectssimulator\2dobjectssimulator\debug\vc140.pdb
c:\projects\opengl\2dobjectssimulator\2dobjectssimulator\debug\vc140.idb
c:\projects\opengl\2dobjectssimulator\2dobjectssimulator\debug\imgui.obj
c:\projects\opengl\2dobjectssimulator\2dobjectssimulator\debug\imgui_demo.obj
c:\projects\opengl\2dobjectssimulator\2dobjectssimulator\debug\imgui_draw.obj
c:\projects\opengl\2dobjectssimulator\2dobjectssimulator\debug\stb_image.obj
c:\projects\opengl\2dobjectssimulator\2dobjectssimulator\debug\application.obj
c:\projects\opengl\2dobjectssimulator\2dobjectssimulator\debug\indexbuffer.obj
c:\projects\opengl\2dobjectssimulator\2dobjectssimulator\debug\renderer.obj
c:\projects\opengl\2dobjectssimulator\2dobjectssimulator\debug\shader.obj
c:\projects\opengl\2dobjectssimulator\2dobjectssimulator\debug\texture.obj
c:\projects\opengl\2dobjectssimulator\2dobjectssimulator\debug\glm.obj
c:\projects\opengl\2dobjectssimulator\2dobjectssimulator\debug\imgui_impl_glfw_gl3.obj
c:\projects\opengl\2dobjectssimulator\2dobjectssimulator\debug\vertexarray.obj
c:\projects\opengl\2dobjectssimulator\2dobjectssimulator\debug\vertexbuffer.obj
c:\projects\opengl\2dobjectssimulator\2dobjectssimulator\debug\screen.obj
c:\projects\opengl\2dobjectssimulator\2dobjectssimulator\debug\object.obj
c:\projects\opengl\2dobjectssimulator\2dobjectssimulator\debug\csvwriter.obj
c:\projects\opengl\2dobjectssimulator\debug\2dobjectssimulator.ilk
c:\projects\opengl\2dobjectssimulator\debug\2dobjectssimulator.exe
c:\projects\opengl\2dobjectssimulator\debug\2dobjectssimulator.pdb
c:\projects\opengl\2dobjectssimulator\2dobjectssimulator\debug\2dobject.b7dd2193.tlog\cl.command.1.tlog
c:\projects\opengl\2dobjectssimulator\2dobjectssimulator\debug\2dobject.b7dd2193.tlog\cl.read.1.tlog
c:\projects\opengl\2dobjectssimulator\2dobjectssimulator\debug\2dobject.b7dd2193.tlog\cl.write.1.tlog
c:\projects\opengl\2dobjectssimulator\2dobjectssimulator\debug\2dobject.b7dd2193.tlog\link.command.1.tlog
c:\projects\opengl\2dobjectssimulator\2dobjectssimulator\debug\2dobject.b7dd2193.tlog\link.read.1.tlog
c:\projects\opengl\2dobjectssimulator\2dobjectssimulator\debug\2dobject.b7dd2193.tlog\link.write.1.tlog
